<?xml version="1.0" encoding="UTF-8"?>
<!-- Generated by org.testng.reporters.JUnitReportReporter -->
<testsuite hostname="dhcp-v060-023.mobile.uci.edu" name="org.spideruci.benchmark.spiderMath_TestNG.AdditionTest" tests="3" failures="0" timestamp="21 Nov 2015 00:01:14 GMT" time="0.023" errors="0">
  <testcase name="testSuccess2" time="0.001" classname="org.spideruci.benchmark.spiderMath_TestNG.AdditionTest"/>
  <testcase name="testFail" time="0.016" classname="org.spideruci.benchmark.spiderMath_TestNG.AdditionTest"/>
  <testcase name="testSuccess1" time="0.006" classname="org.spideruci.benchmark.spiderMath_TestNG.AdditionTest"/>
</testsuite> <!-- org.spideruci.benchmark.spiderMath_TestNG.AdditionTest -->
