<?xml version="1.0" encoding="UTF-8"?>
<!-- Generated by org.testng.reporters.JUnitReportReporter -->
<testsuite hostname="dhcp-v060-023.mobile.uci.edu" name="org.spideruci.benchmark.spiderMath_TestNG.AdditionParamTest" tests="2" failures="0" timestamp="21 Nov 2015 00:01:14 GMT" time="0.004" errors="0">
  <testcase name="testAdd" time="0.003" classname="org.spideruci.benchmark.spiderMath_TestNG.AdditionParamTest"/>
  <testcase name="testAdd" time="0.001" classname="org.spideruci.benchmark.spiderMath_TestNG.AdditionParamTest"/>
</testsuite> <!-- org.spideruci.benchmark.spiderMath_TestNG.AdditionParamTest -->
